[0.026s] Invoking command in '/home/ubuntu1347/copaint_ws/build/copaint_bringup': CMAKE_PREFIX_PATH=${CMAKE_PREFIX_PATH}:/opt/ros/jazzy /usr/bin/cmake /home/ubuntu1347/copaint_ws/src/copaint_bringup -DAMENT_CMAKE_SYMLINK_INSTALL=1 -DCMAKE_INSTALL_PREFIX=/home/ubuntu1347/copaint_ws/install/copaint_bringup
[0.766s] -- The C compiler identification is GNU 13.3.0
[1.235s] -- The CXX compiler identification is GNU 13.3.0
[1.278s] -- Detecting C compiler ABI info
[1.478s] -- Detecting C compiler ABI info - done
[1.494s] -- Check for working C compiler: /usr/bin/cc - skipped
[1.495s] -- Detecting C compile features
[1.496s] -- Detecting C compile features - done
[1.514s] -- Detecting CXX compiler ABI info
[1.714s] -- Detecting CXX compiler ABI info - done
[1.731s] -- Check for working CXX compiler: /usr/bin/c++ - skipped
[1.731s] -- Detecting CXX compile features
[1.732s] -- Detecting CXX compile features - done
[1.743s] -- Found ament_cmake: 2.5.6 (/opt/ros/jazzy/share/ament_cmake/cmake)
[1.983s] -- Found Python3: /usr/bin/python3 (found version "3.12.3") found components: Interpreter 
[2.125s] -- Override CMake install command with custom implementation using symlinks instead of copying resources
[2.222s] -- Found ament_lint_auto: 0.17.5 (/opt/ros/jazzy/share/ament_lint_auto/cmake)
[2.436s] -- Added test 'flake8' to check Python code syntax and style conventions
[2.436s] -- Configured 'flake8' exclude dirs and/or files: 
[2.438s] -- Added test 'lint_cmake' to check CMake code style
[2.440s] -- Added test 'pep257' to check Python code against some of the docstring style conventions in PEP 257
[2.443s] -- Added test 'xmllint' to check XML markup files
[2.448s] -- Configuring done (2.3s)
[2.453s] -- Generating done (0.0s)
[2.456s] -- Build files have been written to: /home/ubuntu1347/copaint_ws/build/copaint_bringup
[2.466s] Invoked command in '/home/ubuntu1347/copaint_ws/build/copaint_bringup' returned '0': CMAKE_PREFIX_PATH=${CMAKE_PREFIX_PATH}:/opt/ros/jazzy /usr/bin/cmake /home/ubuntu1347/copaint_ws/src/copaint_bringup -DAMENT_CMAKE_SYMLINK_INSTALL=1 -DCMAKE_INSTALL_PREFIX=/home/ubuntu1347/copaint_ws/install/copaint_bringup
[2.469s] Invoking command in '/home/ubuntu1347/copaint_ws/build/copaint_bringup': CMAKE_PREFIX_PATH=${CMAKE_PREFIX_PATH}:/opt/ros/jazzy /usr/bin/cmake --build /home/ubuntu1347/copaint_ws/build/copaint_bringup -- -j4 -l4
[2.539s] Invoked command in '/home/ubuntu1347/copaint_ws/build/copaint_bringup' returned '0': CMAKE_PREFIX_PATH=${CMAKE_PREFIX_PATH}:/opt/ros/jazzy /usr/bin/cmake --build /home/ubuntu1347/copaint_ws/build/copaint_bringup -- -j4 -l4
[2.557s] Invoking command in '/home/ubuntu1347/copaint_ws/build/copaint_bringup': CMAKE_PREFIX_PATH=${CMAKE_PREFIX_PATH}:/opt/ros/jazzy /usr/bin/cmake --install /home/ubuntu1347/copaint_ws/build/copaint_bringup
[2.571s] -- Install configuration: ""
[2.571s] -- Execute custom install script
[2.572s] -- Symlinking: /home/ubuntu1347/copaint_ws/install/copaint_bringup/share/copaint_bringup/launch/uav_master.launch.py
[2.589s] -- Symlinking: /home/ubuntu1347/copaint_ws/install/copaint_bringup/share/ament_index/resource_index/package_run_dependencies/copaint_bringup
[2.608s] -- Symlinking: /home/ubuntu1347/copaint_ws/install/copaint_bringup/share/ament_index/resource_index/parent_prefix_path/copaint_bringup
[2.626s] -- Symlinking: /home/ubuntu1347/copaint_ws/install/copaint_bringup/share/copaint_bringup/environment/ament_prefix_path.sh
[2.643s] -- Symlinking: /home/ubuntu1347/copaint_ws/install/copaint_bringup/share/copaint_bringup/environment/ament_prefix_path.dsv
[2.659s] -- Symlinking: /home/ubuntu1347/copaint_ws/install/copaint_bringup/share/copaint_bringup/environment/path.sh
[2.676s] -- Symlinking: /home/ubuntu1347/copaint_ws/install/copaint_bringup/share/copaint_bringup/environment/path.dsv
[2.692s] -- Symlinking: /home/ubuntu1347/copaint_ws/install/copaint_bringup/share/copaint_bringup/local_setup.bash
[2.709s] -- Symlinking: /home/ubuntu1347/copaint_ws/install/copaint_bringup/share/copaint_bringup/local_setup.sh
[2.726s] -- Symlinking: /home/ubuntu1347/copaint_ws/install/copaint_bringup/share/copaint_bringup/local_setup.zsh
[2.742s] -- Symlinking: /home/ubuntu1347/copaint_ws/install/copaint_bringup/share/copaint_bringup/local_setup.dsv
[2.759s] -- Symlinking: /home/ubuntu1347/copaint_ws/install/copaint_bringup/share/copaint_bringup/package.dsv
[2.776s] -- Symlinking: /home/ubuntu1347/copaint_ws/install/copaint_bringup/share/ament_index/resource_index/packages/copaint_bringup
[2.792s] -- Symlinking: /home/ubuntu1347/copaint_ws/install/copaint_bringup/share/copaint_bringup/cmake/copaint_bringupConfig.cmake
[2.808s] -- Symlinking: /home/ubuntu1347/copaint_ws/install/copaint_bringup/share/copaint_bringup/cmake/copaint_bringupConfig-version.cmake
[2.825s] -- Symlinking: /home/ubuntu1347/copaint_ws/install/copaint_bringup/share/copaint_bringup/package.xml
[2.844s] Invoked command in '/home/ubuntu1347/copaint_ws/build/copaint_bringup' returned '0': CMAKE_PREFIX_PATH=${CMAKE_PREFIX_PATH}:/opt/ros/jazzy /usr/bin/cmake --install /home/ubuntu1347/copaint_ws/build/copaint_bringup
