[0.342s] DEBUG:colcon:Command line arguments: ['/usr/bin/colcon', 'build', '--symlink-install']
[0.342s] DEBUG:colcon:Parsed command line arguments: Namespace(log_base=None, log_level=None, verb_name='build', build_base='build', install_base='install', merge_install=False, symlink_install=True, test_result_base=None, continue_on_error=False, executor='parallel', parallel_workers=4, event_handlers=None, ignore_user_meta=False, metas=['./colcon.meta'], base_paths=['.'], packages_ignore=None, packages_ignore_regex=None, paths=None, packages_up_to=None, packages_up_to_regex=None, packages_above=None, packages_above_and_dependencies=None, packages_above_depth=None, packages_select_by_dep=None, packages_skip_by_dep=None, packages_skip_up_to=None, packages_select_build_failed=False, packages_skip_build_finished=False, packages_select_test_failures=False, packages_skip_test_passed=False, packages_select=None, packages_skip=None, packages_select_regex=None, packages_skip_regex=None, packages_start=None, packages_end=None, allow_overriding=[], cmake_args=None, cmake_target=None, cmake_target_skip_unavailable=False, cmake_clean_cache=False, cmake_clean_first=False, cmake_force_configure=False, ament_cmake_args=None, catkin_cmake_args=None, catkin_skip_building_tests=False, mixin_files=None, mixin=None, verb_parser=<colcon_mixin.mixin.mixin_argument.MixinArgumentDecorator object at 0xffff994fd790>, verb_extension=<colcon_core.verb.build.BuildVerb object at 0xffff9969df10>, main=<bound method BuildVerb.main of <colcon_core.verb.build.BuildVerb object at 0xffff9969df10>>, mixin_verb=('build',))
[0.469s] Level 1:colcon.colcon_core.package_discovery:discover_packages(colcon_meta) check parameters
[0.469s] Level 1:colcon.colcon_core.package_discovery:discover_packages(recursive) check parameters
[0.469s] Level 1:colcon.colcon_core.package_discovery:discover_packages(ignore) check parameters
[0.469s] Level 1:colcon.colcon_core.package_discovery:discover_packages(path) check parameters
[0.469s] Level 1:colcon.colcon_core.package_discovery:discover_packages(colcon_meta) discover
[0.470s] Level 1:colcon.colcon_core.package_discovery:discover_packages(recursive) discover
[0.470s] INFO:colcon.colcon_core.package_discovery:Crawling recursively for packages in '/home/ubuntu1347/copaint_ws'
[0.470s] Level 1:colcon.colcon_core.package_identification:_identify(.) by extensions ['ignore', 'ignore_ament_install']
[0.470s] Level 1:colcon.colcon_core.package_identification:_identify(.) by extension 'ignore'
[0.470s] Level 1:colcon.colcon_core.package_identification:_identify(.) by extension 'ignore_ament_install'
[0.470s] Level 1:colcon.colcon_core.package_identification:_identify(.) by extensions ['colcon_pkg']
[0.470s] Level 1:colcon.colcon_core.package_identification:_identify(.) by extension 'colcon_pkg'
[0.470s] Level 1:colcon.colcon_core.package_identification:_identify(.) by extensions ['colcon_meta']
[0.470s] Level 1:colcon.colcon_core.package_identification:_identify(.) by extension 'colcon_meta'
[0.470s] Level 1:colcon.colcon_core.package_identification:_identify(.) by extensions ['ros']
[0.470s] Level 1:colcon.colcon_core.package_identification:_identify(.) by extension 'ros'
[0.510s] Level 1:colcon.colcon_core.package_identification:_identify(.) by extensions ['cmake', 'python']
[0.510s] Level 1:colcon.colcon_core.package_identification:_identify(.) by extension 'cmake'
[0.510s] Level 1:colcon.colcon_core.package_identification:_identify(.) by extension 'python'
[0.510s] Level 1:colcon.colcon_core.package_identification:_identify(.) by extensions ['python_setup_py']
[0.510s] Level 1:colcon.colcon_core.package_identification:_identify(.) by extension 'python_setup_py'
[0.510s] Level 1:colcon.colcon_core.package_identification:_identify(build) by extensions ['ignore', 'ignore_ament_install']
[0.510s] Level 1:colcon.colcon_core.package_identification:_identify(build) by extension 'ignore'
[0.510s] Level 1:colcon.colcon_core.package_identification:_identify(build) ignored
[0.510s] Level 1:colcon.colcon_core.package_identification:_identify(install) by extensions ['ignore', 'ignore_ament_install']
[0.510s] Level 1:colcon.colcon_core.package_identification:_identify(install) by extension 'ignore'
[0.511s] Level 1:colcon.colcon_core.package_identification:_identify(install) ignored
[0.511s] Level 1:colcon.colcon_core.package_identification:_identify(log) by extensions ['ignore', 'ignore_ament_install']
[0.511s] Level 1:colcon.colcon_core.package_identification:_identify(log) by extension 'ignore'
[0.511s] Level 1:colcon.colcon_core.package_identification:_identify(log) ignored
[0.511s] Level 1:colcon.colcon_core.package_identification:_identify(src) by extensions ['ignore', 'ignore_ament_install']
[0.511s] Level 1:colcon.colcon_core.package_identification:_identify(src) by extension 'ignore'
[0.511s] Level 1:colcon.colcon_core.package_identification:_identify(src) by extension 'ignore_ament_install'
[0.511s] Level 1:colcon.colcon_core.package_identification:_identify(src) by extensions ['colcon_pkg']
[0.511s] Level 1:colcon.colcon_core.package_identification:_identify(src) by extension 'colcon_pkg'
[0.511s] Level 1:colcon.colcon_core.package_identification:_identify(src) by extensions ['colcon_meta']
[0.511s] Level 1:colcon.colcon_core.package_identification:_identify(src) by extension 'colcon_meta'
[0.511s] Level 1:colcon.colcon_core.package_identification:_identify(src) by extensions ['ros']
[0.511s] Level 1:colcon.colcon_core.package_identification:_identify(src) by extension 'ros'
[0.511s] Level 1:colcon.colcon_core.package_identification:_identify(src) by extensions ['cmake', 'python']
[0.511s] Level 1:colcon.colcon_core.package_identification:_identify(src) by extension 'cmake'
[0.511s] Level 1:colcon.colcon_core.package_identification:_identify(src) by extension 'python'
[0.511s] Level 1:colcon.colcon_core.package_identification:_identify(src) by extensions ['python_setup_py']
[0.511s] Level 1:colcon.colcon_core.package_identification:_identify(src) by extension 'python_setup_py'
[0.512s] Level 1:colcon.colcon_core.package_identification:_identify(src/copaint_bringup) by extensions ['ignore', 'ignore_ament_install']
[0.512s] Level 1:colcon.colcon_core.package_identification:_identify(src/copaint_bringup) by extension 'ignore'
[0.512s] Level 1:colcon.colcon_core.package_identification:_identify(src/copaint_bringup) by extension 'ignore_ament_install'
[0.512s] Level 1:colcon.colcon_core.package_identification:_identify(src/copaint_bringup) by extensions ['colcon_pkg']
[0.512s] Level 1:colcon.colcon_core.package_identification:_identify(src/copaint_bringup) by extension 'colcon_pkg'
[0.512s] Level 1:colcon.colcon_core.package_identification:_identify(src/copaint_bringup) by extensions ['colcon_meta']
[0.512s] Level 1:colcon.colcon_core.package_identification:_identify(src/copaint_bringup) by extension 'colcon_meta'
[0.512s] Level 1:colcon.colcon_core.package_identification:_identify(src/copaint_bringup) by extensions ['ros']
[0.512s] Level 1:colcon.colcon_core.package_identification:_identify(src/copaint_bringup) by extension 'ros'
[0.517s] DEBUG:colcon.colcon_core.package_identification:Package 'src/copaint_bringup' with type 'ros.ament_cmake' and name 'copaint_bringup'
[0.517s] Level 1:colcon.colcon_core.package_discovery:discover_packages(recursive) using defaults
[0.518s] Level 1:colcon.colcon_core.package_discovery:discover_packages(ignore) discover
[0.518s] Level 1:colcon.colcon_core.package_discovery:discover_packages(ignore) using defaults
[0.518s] Level 1:colcon.colcon_core.package_discovery:discover_packages(path) discover
[0.518s] Level 1:colcon.colcon_core.package_discovery:discover_packages(path) using defaults
[0.564s] Level 1:colcon.colcon_core.package_discovery:discover_packages(prefix_path) check parameters
[0.564s] Level 1:colcon.colcon_core.package_discovery:discover_packages(prefix_path) discover
[0.572s] DEBUG:colcon.colcon_installed_package_information.package_discovery:Found 1 installed packages in /home/ubuntu1347/ws_livox/install
[0.573s] DEBUG:colcon.colcon_installed_package_information.package_discovery:Found 5 installed packages in /home/ubuntu1347/slam_ws/install
[0.575s] DEBUG:colcon.colcon_installed_package_information.package_discovery:Found 254 installed packages in /opt/ros/jazzy
[0.576s] Level 1:colcon.colcon_core.package_discovery:discover_packages(prefix_path) using defaults
[0.634s] Level 5:colcon.colcon_core.verb:set package 'copaint_bringup' build argument 'cmake_args' from command line to 'None'
[0.634s] Level 5:colcon.colcon_core.verb:set package 'copaint_bringup' build argument 'cmake_target' from command line to 'None'
[0.634s] Level 5:colcon.colcon_core.verb:set package 'copaint_bringup' build argument 'cmake_target_skip_unavailable' from command line to 'False'
[0.634s] Level 5:colcon.colcon_core.verb:set package 'copaint_bringup' build argument 'cmake_clean_cache' from command line to 'False'
[0.634s] Level 5:colcon.colcon_core.verb:set package 'copaint_bringup' build argument 'cmake_clean_first' from command line to 'False'
[0.634s] Level 5:colcon.colcon_core.verb:set package 'copaint_bringup' build argument 'cmake_force_configure' from command line to 'False'
[0.634s] Level 5:colcon.colcon_core.verb:set package 'copaint_bringup' build argument 'ament_cmake_args' from command line to 'None'
[0.634s] Level 5:colcon.colcon_core.verb:set package 'copaint_bringup' build argument 'catkin_cmake_args' from command line to 'None'
[0.634s] Level 5:colcon.colcon_core.verb:set package 'copaint_bringup' build argument 'catkin_skip_building_tests' from command line to 'False'
[0.634s] DEBUG:colcon.colcon_core.verb:Building package 'copaint_bringup' with the following arguments: {'ament_cmake_args': None, 'build_base': '/home/ubuntu1347/copaint_ws/build/copaint_bringup', 'catkin_cmake_args': None, 'catkin_skip_building_tests': False, 'cmake_args': None, 'cmake_clean_cache': False, 'cmake_clean_first': False, 'cmake_force_configure': False, 'cmake_target': None, 'cmake_target_skip_unavailable': False, 'install_base': '/home/ubuntu1347/copaint_ws/install/copaint_bringup', 'merge_install': False, 'path': '/home/ubuntu1347/copaint_ws/src/copaint_bringup', 'symlink_install': True, 'test_result_base': None}
[0.634s] INFO:colcon.colcon_core.executor:Executing jobs using 'parallel' executor
[0.635s] DEBUG:colcon.colcon_parallel_executor.executor.parallel:run_until_complete
[0.636s] INFO:colcon.colcon_ros.task.ament_cmake.build:Building ROS package in '/home/ubuntu1347/copaint_ws/src/copaint_bringup' with build type 'ament_cmake'
[0.636s] INFO:colcon.colcon_cmake.task.cmake.build:Building CMake package in '/home/ubuntu1347/copaint_ws/src/copaint_bringup'
[0.648s] INFO:colcon.colcon_core.plugin_system:Skipping extension 'colcon_core.shell.bat': Not used on non-Windows systems
[0.648s] INFO:colcon.colcon_core.shell:Skip shell extension 'powershell' for command environment: Not usable outside of PowerShell
[0.649s] DEBUG:colcon.colcon_core.shell:Skip shell extension 'dsv' for command environment
[0.662s] DEBUG:colcon.colcon_core.event_handler.log_command:Invoking command in '/home/ubuntu1347/copaint_ws/build/copaint_bringup': CMAKE_PREFIX_PATH=${CMAKE_PREFIX_PATH}:/opt/ros/jazzy /usr/bin/cmake /home/ubuntu1347/copaint_ws/src/copaint_bringup -DAMENT_CMAKE_SYMLINK_INSTALL=1 -DCMAKE_INSTALL_PREFIX=/home/ubuntu1347/copaint_ws/install/copaint_bringup
[3.102s] DEBUG:colcon.colcon_core.event_handler.log_command:Invoked command in '/home/ubuntu1347/copaint_ws/build/copaint_bringup' returned '0': CMAKE_PREFIX_PATH=${CMAKE_PREFIX_PATH}:/opt/ros/jazzy /usr/bin/cmake /home/ubuntu1347/copaint_ws/src/copaint_bringup -DAMENT_CMAKE_SYMLINK_INSTALL=1 -DCMAKE_INSTALL_PREFIX=/home/ubuntu1347/copaint_ws/install/copaint_bringup
[3.105s] DEBUG:colcon.colcon_core.event_handler.log_command:Invoking command in '/home/ubuntu1347/copaint_ws/build/copaint_bringup': CMAKE_PREFIX_PATH=${CMAKE_PREFIX_PATH}:/opt/ros/jazzy /usr/bin/cmake --build /home/ubuntu1347/copaint_ws/build/copaint_bringup -- -j4 -l4
[3.176s] DEBUG:colcon.colcon_core.event_handler.log_command:Invoked command in '/home/ubuntu1347/copaint_ws/build/copaint_bringup' returned '0': CMAKE_PREFIX_PATH=${CMAKE_PREFIX_PATH}:/opt/ros/jazzy /usr/bin/cmake --build /home/ubuntu1347/copaint_ws/build/copaint_bringup -- -j4 -l4
[3.194s] DEBUG:colcon.colcon_core.event_handler.log_command:Invoking command in '/home/ubuntu1347/copaint_ws/build/copaint_bringup': CMAKE_PREFIX_PATH=${CMAKE_PREFIX_PATH}:/opt/ros/jazzy /usr/bin/cmake --install /home/ubuntu1347/copaint_ws/build/copaint_bringup
[3.480s] Level 1:colcon.colcon_core.environment:create_environment_scripts_only(copaint_bringup)
[3.480s] DEBUG:colcon.colcon_core.event_handler.log_command:Invoked command in '/home/ubuntu1347/copaint_ws/build/copaint_bringup' returned '0': CMAKE_PREFIX_PATH=${CMAKE_PREFIX_PATH}:/opt/ros/jazzy /usr/bin/cmake --install /home/ubuntu1347/copaint_ws/build/copaint_bringup
[3.495s] Level 1:colcon.colcon_core.environment:checking '/home/ubuntu1347/copaint_ws/install/copaint_bringup' for CMake module files
[3.496s] Level 1:colcon.colcon_core.environment:checking '/home/ubuntu1347/copaint_ws/install/copaint_bringup' for CMake config files
[3.496s] Level 1:colcon.colcon_core.shell:create_environment_hook('copaint_bringup', 'cmake_prefix_path')
[3.496s] INFO:colcon.colcon_core.shell:Creating environment hook '/home/ubuntu1347/copaint_ws/install/copaint_bringup/share/copaint_bringup/hook/cmake_prefix_path.ps1'
[3.499s] INFO:colcon.colcon_core.shell:Creating environment descriptor '/home/ubuntu1347/copaint_ws/install/copaint_bringup/share/copaint_bringup/hook/cmake_prefix_path.dsv'
[3.500s] INFO:colcon.colcon_core.shell:Creating environment hook '/home/ubuntu1347/copaint_ws/install/copaint_bringup/share/copaint_bringup/hook/cmake_prefix_path.sh'
[3.502s] Level 1:colcon.colcon_core.environment:checking '/home/ubuntu1347/copaint_ws/install/copaint_bringup/bin'
[3.502s] Level 1:colcon.colcon_core.environment:checking '/home/ubuntu1347/copaint_ws/install/copaint_bringup/lib/pkgconfig/copaint_bringup.pc'
[3.503s] Level 1:colcon.colcon_core.environment:checking '/home/ubuntu1347/copaint_ws/install/copaint_bringup/lib/python3.12/site-packages'
[3.503s] Level 1:colcon.colcon_core.environment:checking '/home/ubuntu1347/copaint_ws/install/copaint_bringup/bin'
[3.504s] INFO:colcon.colcon_core.shell:Creating package script '/home/ubuntu1347/copaint_ws/install/copaint_bringup/share/copaint_bringup/package.ps1'
[3.506s] INFO:colcon.colcon_core.shell:Creating package descriptor '/home/ubuntu1347/copaint_ws/install/copaint_bringup/share/copaint_bringup/package.dsv'
[3.507s] INFO:colcon.colcon_core.shell:Creating package script '/home/ubuntu1347/copaint_ws/install/copaint_bringup/share/copaint_bringup/package.sh'
[3.508s] INFO:colcon.colcon_core.shell:Creating package script '/home/ubuntu1347/copaint_ws/install/copaint_bringup/share/copaint_bringup/package.bash'
[3.510s] INFO:colcon.colcon_core.shell:Creating package script '/home/ubuntu1347/copaint_ws/install/copaint_bringup/share/copaint_bringup/package.zsh'
[3.512s] Level 1:colcon.colcon_core.environment:create_file_with_runtime_dependencies(/home/ubuntu1347/copaint_ws/install/copaint_bringup/share/colcon-core/packages/copaint_bringup)
[3.513s] Level 1:colcon.colcon_core.environment:create_environment_scripts_only(copaint_bringup)
[3.513s] Level 1:colcon.colcon_core.environment:checking '/home/ubuntu1347/copaint_ws/install/copaint_bringup' for CMake module files
[3.514s] Level 1:colcon.colcon_core.environment:checking '/home/ubuntu1347/copaint_ws/install/copaint_bringup' for CMake config files
[3.514s] Level 1:colcon.colcon_core.shell:create_environment_hook('copaint_bringup', 'cmake_prefix_path')
[3.514s] INFO:colcon.colcon_core.shell:Creating environment hook '/home/ubuntu1347/copaint_ws/install/copaint_bringup/share/copaint_bringup/hook/cmake_prefix_path.ps1'
[3.515s] INFO:colcon.colcon_core.shell:Creating environment descriptor '/home/ubuntu1347/copaint_ws/install/copaint_bringup/share/copaint_bringup/hook/cmake_prefix_path.dsv'
[3.518s] INFO:colcon.colcon_core.shell:Creating environment hook '/home/ubuntu1347/copaint_ws/install/copaint_bringup/share/copaint_bringup/hook/cmake_prefix_path.sh'
[3.520s] Level 1:colcon.colcon_core.environment:checking '/home/ubuntu1347/copaint_ws/install/copaint_bringup/bin'
[3.520s] Level 1:colcon.colcon_core.environment:checking '/home/ubuntu1347/copaint_ws/install/copaint_bringup/lib/pkgconfig/copaint_bringup.pc'
[3.520s] Level 1:colcon.colcon_core.environment:checking '/home/ubuntu1347/copaint_ws/install/copaint_bringup/lib/python3.12/site-packages'
[3.520s] Level 1:colcon.colcon_core.environment:checking '/home/ubuntu1347/copaint_ws/install/copaint_bringup/bin'
[3.521s] INFO:colcon.colcon_core.shell:Creating package script '/home/ubuntu1347/copaint_ws/install/copaint_bringup/share/copaint_bringup/package.ps1'
[3.522s] INFO:colcon.colcon_core.shell:Creating package descriptor '/home/ubuntu1347/copaint_ws/install/copaint_bringup/share/copaint_bringup/package.dsv'
[3.523s] INFO:colcon.colcon_core.shell:Creating package script '/home/ubuntu1347/copaint_ws/install/copaint_bringup/share/copaint_bringup/package.sh'
[3.525s] INFO:colcon.colcon_core.shell:Creating package script '/home/ubuntu1347/copaint_ws/install/copaint_bringup/share/copaint_bringup/package.bash'
[3.526s] INFO:colcon.colcon_core.shell:Creating package script '/home/ubuntu1347/copaint_ws/install/copaint_bringup/share/copaint_bringup/package.zsh'
[3.527s] Level 1:colcon.colcon_core.environment:create_file_with_runtime_dependencies(/home/ubuntu1347/copaint_ws/install/copaint_bringup/share/colcon-core/packages/copaint_bringup)
[3.528s] DEBUG:colcon.colcon_parallel_executor.executor.parallel:closing loop
[3.528s] DEBUG:colcon.colcon_parallel_executor.executor.parallel:loop closed
[3.528s] DEBUG:colcon.colcon_parallel_executor.executor.parallel:run_until_complete finished with '0'
[3.528s] DEBUG:colcon.colcon_core.event_reactor:joining thread
[3.529s] DEBUG:colcon.colcon_core.event_reactor:joined thread
[3.529s] INFO:colcon.colcon_core.shell:Creating prefix script '/home/ubuntu1347/copaint_ws/install/local_setup.ps1'
[3.531s] INFO:colcon.colcon_core.shell:Creating prefix util module '/home/ubuntu1347/copaint_ws/install/_local_setup_util_ps1.py'
[3.534s] INFO:colcon.colcon_core.shell:Creating prefix chain script '/home/ubuntu1347/copaint_ws/install/setup.ps1'
[3.537s] INFO:colcon.colcon_core.shell:Creating prefix script '/home/ubuntu1347/copaint_ws/install/local_setup.sh'
[3.538s] INFO:colcon.colcon_core.shell:Creating prefix util module '/home/ubuntu1347/copaint_ws/install/_local_setup_util_sh.py'
[3.539s] INFO:colcon.colcon_core.shell:Creating prefix chain script '/home/ubuntu1347/copaint_ws/install/setup.sh'
[3.542s] INFO:colcon.colcon_core.shell:Creating prefix script '/home/ubuntu1347/copaint_ws/install/local_setup.bash'
[3.543s] INFO:colcon.colcon_core.shell:Creating prefix chain script '/home/ubuntu1347/copaint_ws/install/setup.bash'
[3.545s] INFO:colcon.colcon_core.shell:Creating prefix script '/home/ubuntu1347/copaint_ws/install/local_setup.zsh'
[3.546s] INFO:colcon.colcon_core.shell:Creating prefix chain script '/home/ubuntu1347/copaint_ws/install/setup.zsh'
